run:
Adding class BookIndexer61616 for grading.
Adding class BookIndexer61654 for grading.
Adding class BookIndexer61659 for grading.
Adding class BookIndexer61664 for grading.
Adding class BookIndexer61669 for grading.
Adding class BookIndexer61670 for grading.
Adding class BookIndexer61675 for grading.
Adding class BookIndexer61679 for grading.
Adding class BookIndexer61684 for grading.
Adding class BookIndexer61685 for grading.
Adding class BookIndexer61689 for grading.
Adding class BookIndexer61700 for grading.
Adding class BookIndexer61704 for grading.
Adding class BookIndexer61709 for grading.
Adding class BookIndexer61714 for grading.
Adding class BookIndexer61715 for grading.
Adding class BookIndexer61730 for grading.
Adding class BookIndexer61736 for grading.
Adding class BookIndexer61740 for grading.
Adding class BookIndexer61751 for grading.
Adding class BookIndexer61757 for grading.
Adding class BookIndexer61761 for grading.


=== Testing moby-dick.txt ===
Author result: 345ms
BookIndexer61616 result: Incorrect. (time 275ms)
BookIndexer61654 result: Incorrect. (time 120ms)
BookIndexer61659 result: 4.82906 (time 71ms)
BookIndexer61664 result: 4.60108 (time 75ms)
BookIndexer61669 result: Incorrect. (time 103ms)
BookIndexer61670 result: Threw an exception.
BookIndexer61675 result: 1.85175 (time 186ms)
BookIndexer61679 result: Incorrect. (time 536ms)
BookIndexer61684 result: 4.14124 (time 83ms)
BookIndexer61685 result: Incorrect. (time 26ms)
BookIndexer61689 result: Incorrect. (time 153ms)
BookIndexer61700 result: 6.59694 (time 52ms)
BookIndexer61704 result: Incorrect. (time 113ms)
BookIndexer61709 result: Incorrect. (time 28ms)
BookIndexer61714 result: 4.6166 (time 75ms)
BookIndexer61715 result: Incorrect. (time 39ms)
BookIndexer61730 result: Incorrect. (time 152ms)
chapter , 1, 2, 3, 4, 5, 6, 7, 8, 9, 9, 10, 11, 12, 13, 14, 15, 16, 17, 18, 19, 20, 21, 22, 23, 23, 24, 25, 26, 26, 27, 28, 29, 30
ishmael 
see , 1, 1, 1, 1, 2, 3, 3, 3, 3, 3, 3, 4, 4, 6, 6, 6, 6, 7, 8, 9, 9, 11, 12, 13, 14, 16, 16, 16, 16, 16, 16, 16, 16, 16, 17, 17, 17, 18, 19, 20, 21, 21, 21, 21, 23, 23, 24, 26, 26, 26, 27, 29
whale , 1, 2, 7, 9, 9, 9, 9, 13, 18, 18, 22, 24, 24, 24, 24, 24, 24, 24, 24, 26, 27, 27
1839 
god , 8, 9, 9, 9, 9, 9, 9, 9, 9, 9, 9, 10, 19, 26
sea , 1, 1, 1, 1, 1, 3, 3, 3, 4, 5, 9, 9, 9, 9, 9, 12, 12, 13, 13, 14, 14, 14, 16, 18, 18, 24, 28, 28
BookIndexer61736 result: Incorrect. (time 53ms)
BookIndexer61740 result: Incorrect. (time 46ms)
BookIndexer61751 result: Threw an exception.
BookIndexer61757 result: Incorrect. (time 2ms)
BookIndexer61761 result: Incorrect. (time 42ms)


=== Testing hipster-lorem-ipsum.txt ===
Author result: 54ms
BookIndexer61616 result: Incorrect. (time 130ms)
BookIndexer61654 result: Incorrect. (time 73ms)
BookIndexer61659 result: Incorrect. (time 8ms)
BookIndexer61664 result: Incorrect. (time 27ms)
BookIndexer61669 result: Threw an exception.
BookIndexer61670 result: Threw an exception.
BookIndexer61675 result: Incorrect. (time 17ms)
BookIndexer61679 result: Incorrect. (time 450ms)
BookIndexer61684 result: Incorrect. (time 12ms)
BookIndexer61685 result: Incorrect. (time 22ms)
BookIndexer61689 result: Incorrect. (time 9ms)
BookIndexer61700 result: 7.86696 (time 7ms)
BookIndexer61704 result: Incorrect. (time 13ms)
BookIndexer61709 result: Incorrect. (time 7ms)
BookIndexer61714 result: 6.72083 (time 8ms)
BookIndexer61715 result: Incorrect. (time 22ms)
BookIndexer61730 result: Incorrect. (time 225ms)
craft , 2, 7, 10, 15, 17, 20, 27, 31, 33, 36, 42, 46, 48
bag , 1, 3, 4, 6, 9, 10, 11, 12, 14, 16, 17, 21, 25, 26, 29, 30, 31, 37, 38, 41, 42, 43, 44, 48
cold-pressed , 2, 12, 14, 16, 23, 24, 47, 48, 49
american , 1, 4, 7, 11, 13, 18, 25, 27, 28, 31, 38, 43, 47
blog , 2, 11, 15, 22, 24, 25, 26, 34, 43
mumblecore , 2, 3, 6, 7, 11, 14, 18, 19, 25, 32, 33, 36, 37, 39, 45, 46
try-hard , 1, 2, 8, 12, 15, 16, 18, 21, 25, 31, 32, 34, 36, 39, 44, 47, 48, 49
wayfarers , 1, 3, 9, 10, 11, 16, 21, 24, 43, 44
whale , 1, 2, 7, 9, 9, 9, 9, 13, 18, 18, 22, 24, 24, 24, 24, 24, 24, 24, 24, 26, 27, 27
90 
bird , 1, 6, 13, 20, 23, 24, 26, 29, 30, 32, 36, 42, 46, 48
ugh , 1, 15, 16, 18, 21, 24, 25, 26, 45
jean , 3, 7, 11, 13, 15, 16, 17, 18, 21, 24, 25, 29, 30, 31, 34, 36, 37, 42, 47
leggings , 1, 3, 4, 6, 7, 8, 9, 10, 16, 17, 22, 23, 25, 29, 34, 38, 40, 43, 45, 47, 49
biodiesel , 3, 4, 6, 9, 15, 16, 23, 25, 30, 34, 36, 41, 43, 44, 45, 48
ishmael 
yolo , 6, 15, 27, 29, 31, 33, 37
beard , 3, 8, 11, 14, 16, 24, 27, 35, 38, 40, 41, 42
iphone , 10, 17, 18, 19, 23, 24, 30, 31, 33, 40, 42, 45
quinoa , 1, 3, 4, 5, 8, 10, 11, 14, 16, 19, 20, 25, 26, 29, 41, 44, 47, 48
moon , 1, 3, 5, 6, 14, 17, 18, 23, 25, 29, 34, 35, 36, 39, 42, 45, 46, 48, 49
3 , 1, 3, 5, 6, 14, 17, 18, 23, 25, 29, 34, 35, 36, 39, 42, 45, 46, 48, 49
readymade , 5, 9, 12, 13, 14, 17, 22, 29, 34, 44, 45, 46
salvia , 2, 9, 10, 16, 17, 19, 22, 26, 27, 34, 37, 42, 45
tofu , 2, 5, 6, 7, 8, 9, 16, 17, 18, 20, 21, 23, 38, 43, 49
kickstarter , 3, 8, 10, 15, 17, 23, 25, 34, 43, 44, 46
next , 3, 12, 13, 17, 18, 20, 26, 28, 33, 34, 37, 38, 39, 40, 43, 44, 47, 49
chapter , 1, 2, 3, 4, 5, 6, 7, 8, 9, 9, 10, 11, 12, 13, 14, 15, 16, 17, 18, 19, 20, 21, 22, 23, 23, 24, 25, 26, 26, 27, 28, 29, 30
tumblr , 2, 5, 6, 10, 13, 18, 23, 26, 28, 30, 37, 39, 40
cleanse , 1, 5, 9, 15, 17, 18, 28, 30, 32, 33, 40, 44, 49
sea , 1, 1, 1, 1, 1, 3, 3, 3, 4, 5, 9, 9, 9, 9, 9, 12, 12, 13, 13, 14, 14, 14, 16, 18, 18, 24, 28, 28
mustache , 6, 11, 12, 18, 25, 26, 31, 39, 45
gluten-free , 5, 6, 14, 15, 19, 20, 21, 27, 28, 33, 36, 39, 42, 43, 44, 45
see , 1, 1, 1, 1, 2, 3, 3, 3, 3, 3, 3, 4, 4, 6, 6, 6, 6, 7, 8, 9, 9, 11, 12, 13, 14, 16, 16, 16, 16, 16, 16, 16, 16, 16, 17, 17, 17, 18, 19, 20, 21, 21, 21, 21, 23, 23, 24, 26, 26, 26, 27, 29
single-origin , 1, 13, 14, 17, 34, 36, 40, 44, 47, 49
8-bit , 5, 7, 9, 12, 14, 16, 20, 24, 27, 28, 38, 44, 48, 49
lumbersexual , 5, 9, 12, 13, 21, 22, 23, 29, 33, 35, 40, 41, 42
street , 5, 5, 9, 9, 10, 10, 15, 15, 16, 16, 22, 22, 27, 27, 28, 28, 34, 34, 37, 37, 44, 44
1839 
shorts , 3, 7, 11, 13, 15, 16, 17, 18, 21, 25, 29, 30, 31, 34, 37, 42, 47
hashtag , 4, 8, 14, 21, 24, 29, 31, 32, 42, 43
letterpress , 4, 6, 11, 14, 15, 17, 24, 25, 26, 27, 39, 42, 43, 44
art , 1, 7, 9, 10, 12, 14, 15, 16, 18, 19, 22, 24, 25, 26, 27, 28, 29, 36, 37, 38, 40, 43, 44, 49
artisan , 4, 11, 12, 14, 18, 20, 25, 28, 31, 35, 37, 40, 41
polaroid , 1, 2, 3, 4, 9, 16, 17, 21, 29, 30, 31, 36, 41, 44, 45
post-ironic , 2, 9, 10, 13, 22, 28, 31, 34, 36, 42, 45, 47
wolf , 1, 3, 5, 6, 11, 14, 17, 18, 22, 23, 25, 29, 30, 31, 32, 33, 34, 35, 36, 38, 39, 42, 43, 44, 45, 46, 48, 49
banksy , 6, 7, 14, 19, 20, 22, 23, 24, 34, 36, 41, 43, 45, 46, 47, 48
retro , 4, 28, 29, 30, 33, 34, 35, 45
health , 2, 4, 7, 8, 9, 11, 12, 15, 16, 18, 20, 22, 23, 24, 33, 34, 36, 44, 47, 48, 49
photo , 1, 2, 6, 7, 10, 12, 13, 17, 20, 24, 26, 32, 34, 40, 42, 47, 49
freegan , 1, 2, 5, 14, 15, 16, 17, 18, 22, 27, 29, 31, 32, 33, 36, 37, 41, 42
pinterest , 14, 19, 21, 23, 25, 26, 31, 37, 42
vegan , 2, 6, 7, 15, 18, 21, 25, 27, 29, 33, 37, 40, 42, 49
ethical , 1, 3, 4, 6, 12, 13, 24, 25, 31, 32, 33, 36, 37, 38, 45, 47
selfies , 4, 6, 10, 15, 16, 17, 22, 24, 34, 36, 38, 42, 45
food , 2, 4, 5, 6, 8, 11, 12, 15, 18, 19, 21, 24, 27, 36, 37, 39, 42, 44, 49
actually , 2, 3, 5, 10, 15, 21, 22, 26, 38, 39, 40, 41
hoodie , 1, 12, 14, 27, 29, 32, 35, 36, 40, 43, 45, 48
messenger , 1, 3, 4, 5, 6, 9, 10, 12, 14, 16, 26, 28, 29, 31, 42, 44
coffee , 1, 13, 14, 17, 36, 40, 44, 47, 49
helvetica , 3, 9, 11, 13, 30, 32, 44, 45, 46
pop-up , 1, 2, 6, 9, 16, 19, 20, 23, 25, 26, 30, 36, 37, 38, 39, 41, 44, 49
mixtape , 8, 9, 11, 12, 14, 17, 20, 21, 24, 25, 34, 39, 42, 44, 46
god , 8, 9, 9, 9, 9, 9, 9, 9, 9, 9, 9, 10, 19, 26
fashion , 1, 3, 5, 9, 10, 15, 20, 22, 24, 25, 33, 35, 39, 41, 43, 49
BookIndexer61736 result: Incorrect. (time 192ms)
BookIndexer61740 result: Incorrect. (time 43ms)
BookIndexer61751 result: Threw an exception.
BookIndexer61757 result: Incorrect. (time 1ms)
BookIndexer61761 result: Incorrect. (time 19ms)


=== Testing turing.txt ===
Author result: 40ms
BookIndexer61616 result: Incorrect. (time 62ms)
BookIndexer61654 result: Incorrect. (time 16ms)
BookIndexer61659 result: Incorrect. (time 4ms)
BookIndexer61664 result: 6.90513 (time 6ms)
BookIndexer61669 result: Threw an exception.
BookIndexer61670 result: Threw an exception.
BookIndexer61675 result: Incorrect. (time 18ms)
BookIndexer61679 result: Incorrect. (time 176ms)
BookIndexer61684 result: Incorrect. (time 16ms)
BookIndexer61685 result: Incorrect. (time 11ms)
BookIndexer61689 result: Incorrect. (time 14ms)
BookIndexer61700 result: 8.71606 (time 5ms)
BookIndexer61704 result: Incorrect. (time 9ms)
BookIndexer61709 result: Incorrect. (time 4ms)
BookIndexer61714 result: 4.63486 (time 9ms)
BookIndexer61715 result: Incorrect. (time 6ms)
BookIndexer61730 result: Incorrect. (time 68ms)
german , 2, 13, 16, 17, 24
bag , 1, 3, 4, 6, 9, 10, 11, 12, 14, 16, 17, 21, 25, 26, 29, 30, 31, 37, 38, 41, 42, 43, 44, 48
cold-pressed , 2, 12, 14, 16, 23, 24, 47, 48, 49
american , 1, 4, 7, 11, 13, 18, 25, 27, 28, 31, 38, 43, 47
try-hard , 1, 2, 8, 12, 15, 16, 18, 21, 25, 31, 32, 34, 36, 39, 44, 47, 48, 49
wayfarers , 1, 3, 9, 10, 11, 16, 21, 24, 43, 44
90 
ugh , 1, 15, 16, 18, 21, 24, 25, 26, 45
leggings , 1, 3, 4, 6, 7, 8, 9, 10, 16, 17, 22, 23, 25, 29, 34, 38, 40, 43, 45, 47, 49
biodiesel , 3, 4, 6, 9, 15, 16, 23, 25, 30, 34, 36, 41, 43, 44, 45, 48
breaking , 2, 16, 17, 18
morcom 
ishmael 
yolo , 6, 15, 27, 29, 31, 33, 37
iphone , 10, 17, 18, 19, 23, 24, 30, 31, 33, 40, 42, 45
moon , 1, 3, 5, 6, 14, 17, 18, 23, 25, 29, 34, 35, 36, 39, 42, 45, 46, 48, 49
3 , 1, 3, 5, 6, 14, 17, 18, 23, 25, 29, 34, 35, 36, 39, 42, 45, 46, 48, 49
readymade , 5, 9, 12, 13, 14, 17, 22, 29, 34, 44, 45, 46
science , 10
christopher , 11
20 , 9
chapter , 1, 2, 3, 4, 5, 6, 7, 8, 9, 9, 10, 11, 12, 13, 14, 15, 16, 17, 18, 19, 20, 21, 22, 23, 23, 24, 25, 26, 26, 27, 28, 29, 30
defence 
church , 15
tumblr , 2, 5, 6, 10, 13, 18, 23, 26, 28, 30, 37, 39, 40
cleanse , 1, 5, 9, 15, 17, 18, 28, 30, 32, 33, 40, 44, 49
sea , 1, 1, 1, 1, 1, 3, 3, 3, 4, 5, 9, 9, 9, 9, 9, 12, 12, 13, 13, 14, 14, 14, 16, 18, 18, 24, 28, 28
see , 1, 1, 1, 1, 2, 3, 3, 3, 3, 3, 3, 4, 4, 6, 6, 6, 6, 7, 8, 9, 9, 11, 12, 13, 14, 16, 16, 16, 16, 16, 16, 16, 16, 16, 17, 17, 17, 18, 19, 20, 21, 21, 21, 21, 23, 23, 24, 26, 26, 26, 27, 29
computer , 14, 24, 25, 26
world , 2, 16, 23
lumbersexual , 5, 9, 12, 13, 21, 22, 23, 29, 33, 35, 40, 41, 42
shorts , 3, 7, 11, 13, 15, 16, 17, 18, 21, 25, 29, 30, 31, 34, 37, 42, 47
hashtag , 4, 8, 14, 21, 24, 29, 31, 32, 42, 43
art , 1, 7, 9, 10, 12, 14, 15, 16, 18, 19, 22, 24, 25, 26, 27, 28, 29, 36, 37, 38, 40, 43, 44, 49
post-ironic , 2, 9, 10, 13, 22, 28, 31, 34, 36, 42, 45, 47
wolf , 1, 3, 5, 6, 11, 14, 17, 18, 22, 23, 25, 29, 30, 31, 32, 33, 34, 35, 36, 38, 39, 42, 43, 44, 45, 46, 48, 49
39 
banksy , 6, 7, 14, 19, 20, 22, 23, 24, 34, 36, 41, 43, 45, 46, 47, 48
accused , 30
health , 2, 4, 7, 8, 9, 11, 12, 15, 16, 18, 20, 22, 23, 24, 33, 34, 36, 44, 47, 48, 49
photo , 1, 2, 6, 7, 10, 12, 13, 17, 20, 24, 26, 32, 34, 40, 42, 47, 49
pinterest , 14, 19, 21, 23, 25, 26, 31, 37, 42
vegan , 2, 6, 7, 15, 18, 21, 25, 27, 29, 33, 37, 40, 42, 49
ethical , 1, 3, 4, 6, 12, 13, 24, 25, 31, 32, 33, 36, 37, 38, 45, 47
food , 2, 4, 5, 6, 8, 11, 12, 15, 18, 19, 21, 24, 27, 36, 37, 39, 42, 44, 49
actually , 2, 3, 5, 10, 15, 21, 22, 26, 38, 39, 40, 41
june , 6, 15, 20, 30
messenger , 1, 3, 4, 5, 6, 9, 10, 12, 14, 16, 26, 28, 29, 31, 42, 44
january , 28
helvetica , 3, 9, 11, 13, 30, 32, 44, 45, 46
mixtape , 8, 9, 11, 12, 14, 17, 20, 21, 24, 25, 34, 39, 42, 44, 46
god , 8, 9, 9, 9, 9, 9, 9, 9, 9, 9, 9, 10, 19, 26
fashion , 1, 3, 5, 9, 10, 15, 20, 22, 24, 25, 33, 35, 39, 41, 43, 49
craft , 2, 7, 10, 15, 17, 20, 27, 31, 33, 36, 42, 46, 48
blog , 2, 11, 15, 22, 24, 25, 26, 34, 43
mumblecore , 2, 3, 6, 7, 11, 14, 18, 19, 25, 32, 33, 36, 37, 39, 45, 46
second , 2, 16
whale , 1, 2, 7, 9, 9, 9, 9, 13, 18, 18, 22, 24, 24, 24, 24, 24, 24, 24, 24, 26, 27, 27
bird , 1, 6, 13, 20, 23, 24, 26, 29, 30, 32, 36, 42, 46, 48
jean , 3, 7, 11, 13, 15, 16, 17, 18, 21, 24, 25, 29, 30, 31, 34, 36, 37, 42, 47
cambridge , 23, 30
beard , 3, 8, 11, 14, 16, 24, 27, 35, 38, 40, 41, 42
espionage 
test , 25, 27
turing , 2, 3, 4, 5, 6, 7, 8, 10, 11, 12, 13, 14, 15, 16, 16, 17, 17, 18, 19, 21, 22, 23, 23, 24, 25, 26, 27, 28, 29, 30, 31, 32
quinoa , 1, 3, 4, 5, 8, 10, 11, 14, 16, 19, 20, 25, 26, 29, 41, 44, 47, 48
prosecuted , 4
professor , 31
alan , 24
salvia , 2, 9, 10, 16, 17, 19, 22, 26, 27, 34, 37, 42, 45
1948 , 3, 21
tofu , 2, 5, 6, 7, 8, 9, 16, 17, 18, 20, 21, 23, 38, 43, 49
kickstarter , 3, 8, 10, 15, 17, 23, 25, 34, 43, 44, 46
next , 3, 12, 13, 17, 18, 20, 26, 28, 33, 34, 37, 38, 39, 40, 43, 44, 47, 49
code , 2, 16, 17, 18
death , 4, 11, 30
mathematics , 10, 16, 23, 25
mustache , 6, 11, 12, 18, 25, 26, 31, 39, 45
gluten-free , 5, 6, 14, 15, 19, 20, 21, 27, 28, 33, 36, 39, 42, 43, 44, 45
single-origin , 1, 13, 14, 17, 34, 36, 40, 44, 47, 49
19-year-old , 28
1952 , 4
8-bit , 5, 7, 9, 12, 14, 16, 20, 24, 27, 28, 38, 44, 48, 49
september , 15, 17, 17
street , 5, 5, 9, 9, 10, 10, 15, 15, 16, 16, 22, 22, 27, 27, 28, 28, 34, 34, 37, 37, 44, 44
1839 
letterpress , 4, 6, 11, 14, 15, 17, 24, 25, 26, 27, 39, 42, 43, 44
cipher , 17
artisan , 4, 11, 12, 14, 18, 20, 25, 28, 31, 35, 37, 40, 41
polaroid , 1, 2, 3, 4, 9, 16, 17, 21, 29, 30, 31, 36, 41, 44, 45
retro , 4, 28, 29, 30, 33, 34, 35, 45
war , 2, 17, 30
freegan , 1, 2, 5, 14, 15, 16, 17, 18, 22, 27, 29, 31, 32, 33, 36, 37, 41, 42
selfies , 4, 6, 10, 15, 16, 17, 22, 24, 34, 36, 38, 42, 45
hoodie , 1, 12, 14, 27, 29, 32, 35, 36, 40, 43, 45, 48
coffee , 1, 13, 14, 17, 36, 40, 44, 47, 49
pop-up , 1, 2, 6, 9, 16, 19, 20, 23, 25, 26, 30, 36, 37, 38, 39, 41, 44, 49
entscheidungsproblem , 13
BookIndexer61736 result: Incorrect. (time 15ms)
BookIndexer61740 result: Incorrect. (time 29ms)
BookIndexer61751 result: Threw an exception.
BookIndexer61757 result: Incorrect. (time 2ms)
BookIndexer61761 result: Incorrect. (time 11ms)


=== Testing cry-me-a-river.txt ===
Author result: 27ms
BookIndexer61616 result: Incorrect. (time 16ms)
BookIndexer61654 result: Incorrect. (time 7ms)
BookIndexer61659 result: Incorrect. (time 6ms)
BookIndexer61664 result: 4.754 (time 6ms)
BookIndexer61669 result: Incorrect. (time 63ms)
BookIndexer61670 result: 1.88415 (time 14ms)
BookIndexer61675 result: Incorrect. (time 11ms)
BookIndexer61679 result: Incorrect. (time 57ms)
BookIndexer61684 result: Incorrect. (time 24ms)
BookIndexer61685 result: Incorrect. (time 10ms)
BookIndexer61689 result: Incorrect. (time 9ms)
BookIndexer61700 result: 7.13128 (time 4ms)
BookIndexer61704 result: Incorrect. (time 27ms)
BookIndexer61709 result: Incorrect. (time 7ms)
BookIndexer61714 result: 3.67 (time 7ms)
BookIndexer61715 result: Incorrect. (time 17ms)
BookIndexer61730 result: Incorrect. (time 20ms)
german , 2, 13, 16, 17, 24
bag , 1, 3, 4, 6, 9, 10, 11, 12, 14, 16, 17, 21, 25, 26, 29, 30, 31, 37, 38, 41, 42, 43, 44, 48
cold-pressed , 2, 12, 14, 16, 23, 24, 47, 48, 49
american , 1, 4, 7, 11, 13, 18, 25, 27, 28, 31, 38, 43, 47
try-hard , 1, 2, 8, 12, 15, 16, 18, 21, 25, 31, 32, 34, 36, 39, 44, 47, 48, 49
wayfarers , 1, 3, 9, 10, 11, 16, 21, 24, 43, 44
90 
ugh , 1, 15, 16, 18, 21, 24, 25, 26, 45
leggings , 1, 3, 4, 6, 7, 8, 9, 10, 16, 17, 22, 23, 25, 29, 34, 38, 40, 43, 45, 47, 49
biodiesel , 3, 4, 6, 9, 15, 16, 23, 25, 30, 34, 36, 41, 43, 44, 45, 48
breaking , 2, 16, 17, 18
morcom 
ishmael 
yolo , 6, 15, 27, 29, 31, 33, 37
spears , 23, 250, 252, 255
iphone , 10, 17, 18, 19, 23, 24, 30, 31, 33, 40, 42, 45
moon , 1, 3, 5, 6, 14, 17, 18, 23, 25, 29, 34, 35, 36, 39, 42, 45, 46, 48, 49
3 , 1, 3, 5, 6, 14, 17, 18, 23, 25, 29, 34, 35, 36, 39, 42, 45, 46, 48, 49
readymade , 5, 9, 12, 13, 14, 17, 22, 29, 34, 44, 45, 46
science , 10
christopher , 11
20 , 9
21 , 253
chapter , 1, 2, 3, 4, 5, 6, 7, 8, 9, 9, 10, 11, 12, 13, 14, 15, 16, 17, 18, 19, 20, 21, 22, 23, 23, 24, 25, 26, 26, 27, 28, 29, 30
defence 
church , 15
tumblr , 2, 5, 6, 10, 13, 18, 23, 26, 28, 30, 37, 39, 40
cleanse , 1, 5, 9, 15, 17, 18, 28, 30, 32, 33, 40, 44, 49
sea , 1, 1, 1, 1, 1, 3, 3, 3, 4, 5, 9, 9, 9, 9, 9, 12, 12, 13, 13, 14, 14, 14, 16, 18, 18, 24, 28, 28
see , 1, 1, 1, 1, 2, 3, 3, 3, 3, 3, 3, 4, 4, 6, 6, 6, 6, 7, 8, 9, 9, 11, 12, 13, 14, 16, 16, 16, 16, 16, 16, 16, 16, 16, 17, 17, 17, 18, 19, 20, 21, 21, 21, 21, 23, 23, 24, 26, 26, 26, 27, 29
computer , 14, 24, 25, 26
world , 2, 16, 23
lumbersexual , 5, 9, 12, 13, 21, 22, 23, 29, 33, 35, 40, 41, 42
shorts , 3, 7, 11, 13, 15, 16, 17, 18, 21, 25, 29, 30, 31, 34, 37, 42, 47
hashtag , 4, 8, 14, 21, 24, 29, 31, 32, 42, 43
art , 1, 7, 9, 10, 12, 14, 15, 16, 18, 19, 22, 24, 25, 26, 27, 28, 29, 36, 37, 38, 40, 43, 44, 49
post-ironic , 2, 9, 10, 13, 22, 28, 31, 34, 36, 42, 45, 47
wolf , 1, 3, 5, 6, 11, 14, 17, 18, 22, 23, 25, 29, 30, 31, 32, 33, 34, 35, 36, 38, 39, 42, 43, 44, 45, 46, 48, 49
39 
banksy , 6, 7, 14, 19, 20, 22, 23, 24, 34, 36, 41, 43, 45, 46, 47, 48
accused , 30
health , 2, 4, 7, 8, 9, 11, 12, 15, 16, 18, 20, 22, 23, 24, 33, 34, 36, 44, 47, 48, 49
photo , 1, 2, 6, 7, 10, 12, 13, 17, 20, 24, 26, 32, 34, 40, 42, 47, 49
pinterest , 14, 19, 21, 23, 25, 26, 31, 37, 42
vegan , 2, 6, 7, 15, 18, 21, 25, 27, 29, 33, 37, 40, 42, 49
ethical , 1, 3, 4, 6, 12, 13, 24, 25, 31, 32, 33, 36, 37, 38, 45, 47
food , 2, 4, 5, 6, 8, 11, 12, 15, 18, 19, 21, 24, 27, 36, 37, 39, 42, 44, 49
actually , 2, 3, 5, 10, 15, 21, 22, 26, 38, 39, 40, 41
june , 6, 15, 20, 30
messenger , 1, 3, 4, 5, 6, 9, 10, 12, 14, 16, 26, 28, 29, 31, 42, 44
january , 28
helvetica , 3, 9, 11, 13, 30, 32, 44, 45, 46
mixtape , 8, 9, 11, 12, 14, 17, 20, 21, 24, 25, 34, 39, 42, 44, 46
god , 8, 9, 9, 9, 9, 9, 9, 9, 9, 9, 9, 10, 19, 26
fashion , 1, 3, 5, 9, 10, 15, 20, 22, 24, 25, 33, 35, 39, 41, 43, 49
craft , 2, 7, 10, 15, 17, 20, 27, 31, 33, 36, 42, 46, 48
blog , 2, 11, 15, 22, 24, 25, 26, 34, 43
mumblecore , 2, 3, 6, 7, 11, 14, 18, 19, 25, 32, 33, 36, 37, 39, 45, 46
second , 2, 16
whale , 1, 2, 7, 9, 9, 9, 9, 13, 18, 18, 22, 24, 24, 24, 24, 24, 24, 24, 24, 26, 27, 27
bird , 1, 6, 13, 20, 23, 24, 26, 29, 30, 32, 36, 42, 46, 48
jean , 3, 7, 11, 13, 15, 16, 17, 18, 21, 24, 25, 29, 30, 31, 34, 36, 37, 42, 47
justin , 23, 255, 256
cambridge , 23, 30
beard , 3, 8, 11, 14, 16, 24, 27, 35, 38, 40, 41, 42
espionage 
test , 25, 27
turing , 2, 3, 4, 5, 6, 7, 8, 10, 11, 12, 13, 14, 15, 16, 16, 17, 17, 18, 19, 21, 22, 23, 23, 24, 25, 26, 27, 28, 29, 30, 31, 32
quinoa , 1, 3, 4, 5, 8, 10, 11, 14, 16, 19, 20, 25, 26, 29, 41, 44, 47, 48
prosecuted , 4
professor , 31
alan , 24
salvia , 2, 9, 10, 16, 17, 19, 22, 26, 27, 34, 37, 42, 45
1948 , 3, 21
tofu , 2, 5, 6, 7, 8, 9, 16, 17, 18, 20, 21, 23, 38, 43, 49
kickstarter , 3, 8, 10, 15, 17, 23, 25, 34, 43, 44, 46
next , 3, 12, 13, 17, 18, 20, 26, 28, 33, 34, 37, 38, 39, 40, 43, 44, 47, 49
code , 2, 16, 17, 18
death , 4, 11, 30
mathematics , 10, 16, 23, 25
mustache , 6, 11, 12, 18, 25, 26, 31, 39, 45
gluten-free , 5, 6, 14, 15, 19, 20, 21, 27, 28, 33, 36, 39, 42, 43, 44, 45
single-origin , 1, 13, 14, 17, 34, 36, 40, 44, 47, 49
19-year-old , 28
1952 , 4
8-bit , 5, 7, 9, 12, 14, 16, 20, 24, 27, 28, 38, 44, 48, 49
september , 15, 17, 17
award , 23, 252, 256
street , 5, 5, 9, 9, 10, 10, 15, 15, 16, 16, 22, 22, 27, 27, 28, 28, 34, 34, 37, 37, 44, 44
2003 , 23, 250, 252, 255, 255
1839 
letterpress , 4, 6, 11, 14, 15, 17, 24, 25, 26, 27, 39, 42, 43, 44
cipher , 17
artisan , 4, 11, 12, 14, 18, 20, 25, 28, 31, 35, 37, 40, 41
polaroid , 1, 2, 3, 4, 9, 16, 17, 21, 29, 30, 31, 36, 41, 44, 45
february , 250, 253, 253
retro , 4, 28, 29, 30, 33, 34, 35, 45
war , 2, 17, 30
freegan , 1, 2, 5, 14, 15, 16, 17, 18, 22, 27, 29, 31, 32, 33, 36, 37, 41, 42
cry 
selfies , 4, 6, 10, 15, 16, 17, 22, 24, 34, 36, 38, 42, 45
hoodie , 1, 12, 14, 27, 29, 32, 35, 36, 40, 43, 45, 48
coffee , 1, 13, 14, 17, 36, 40, 44, 47, 49
pop-up , 1, 2, 6, 9, 16, 19, 20, 23, 25, 26, 30, 36, 37, 38, 39, 41, 44, 49
entscheidungsproblem , 13
BookIndexer61736 result: Incorrect. (time 483ms)
BookIndexer61740 result: Incorrect. (time 95ms)
BookIndexer61751 result: Threw an exception.
BookIndexer61757 result: Incorrect. (time 1ms)
BookIndexer61761 result: Incorrect. (time 8ms)


=== Testing bohemian-rhapsody.txt ===
Author result: 7ms
BookIndexer61616 result: 1.0179 (time 7ms)
BookIndexer61654 result: Incorrect. (time 4ms)
BookIndexer61659 result: Incorrect. (time 4ms)
BookIndexer61664 result: 4.2368 (time 2ms)
BookIndexer61669 result: Incorrect. (time 3ms)
BookIndexer61670 result: Threw an exception.
BookIndexer61675 result: Incorrect. (time 4ms)
BookIndexer61679 result: Incorrect. (time 9ms)
BookIndexer61684 result: Incorrect. (time 4ms)
BookIndexer61685 result: Incorrect. (time 1ms)
BookIndexer61689 result: Incorrect. (time 2ms)
BookIndexer61700 result: 2.86111 (time 2ms)
BookIndexer61704 result: Incorrect. (time 2ms)
BookIndexer61709 result: Incorrect. (time 13ms)
BookIndexer61714 result: 3.97083 (time 2ms)
BookIndexer61715 result: Incorrect. (time 3ms)
BookIndexer61730 result: 0.24706 (time 28ms)
german , 2, 13, 16, 17, 24
bag , 1, 3, 4, 6, 9, 10, 11, 12, 14, 16, 17, 21, 25, 26, 29, 30, 31, 37, 38, 41, 42, 43, 44, 48
cold-pressed , 2, 12, 14, 16, 23, 24, 47, 48, 49
american , 1, 4, 7, 11, 13, 18, 25, 27, 28, 31, 38, 43, 47
try-hard , 1, 2, 8, 12, 15, 16, 18, 21, 25, 31, 32, 34, 36, 39, 44, 47, 48, 49
wayfarers , 1, 3, 9, 10, 11, 16, 21, 24, 43, 44
90 
ugh , 1, 15, 16, 18, 21, 24, 25, 26, 45
leggings , 1, 3, 4, 6, 7, 8, 9, 10, 16, 17, 22, 23, 25, 29, 34, 38, 40, 43, 45, 47, 49
biodiesel , 3, 4, 6, 9, 15, 16, 23, 25, 30, 34, 36, 41, 43, 44, 45, 48
breaking , 2, 16, 17, 18
morcom 
ishmael 
yolo , 6, 15, 27, 29, 31, 33, 37
nothing , 19, 54, 56, 57
is , 1, 2
spears , 23, 250, 252, 255
iphone , 10, 17, 18, 19, 23, 24, 30, 31, 33, 40, 42, 45
moon , 1, 3, 5, 6, 14, 17, 18, 23, 25, 29, 34, 35, 36, 39, 42, 45, 46, 48, 49
3 , 1, 3, 5, 6, 14, 17, 18, 23, 25, 29, 34, 35, 36, 39, 42, 45, 46, 48, 49
readymade , 5, 9, 12, 13, 14, 17, 22, 29, 34, 44, 45, 46
science , 10
christopher , 11
20 , 9
21 , 253
chapter , 1, 2, 3, 4, 5, 6, 7, 8, 9, 9, 10, 11, 12, 13, 14, 15, 16, 17, 18, 19, 20, 21, 22, 23, 23, 24, 25, 26, 26, 27, 28, 29, 30
defence 
church , 15
tumblr , 2, 5, 6, 10, 13, 18, 23, 26, 28, 30, 37, 39, 40
cleanse , 1, 5, 9, 15, 17, 18, 28, 30, 32, 33, 40, 44, 49
sea , 1, 1, 1, 1, 1, 3, 3, 3, 4, 5, 9, 9, 9, 9, 9, 12, 12, 13, 13, 14, 14, 14, 16, 18, 18, 24, 28, 28
see , 1, 1, 1, 1, 2, 3, 3, 3, 3, 3, 3, 4, 4, 6, 6, 6, 6, 7, 8, 9, 9, 11, 12, 13, 14, 16, 16, 16, 16, 16, 16, 16, 16, 16, 17, 17, 17, 18, 19, 20, 21, 21, 21, 21, 23, 23, 24, 26, 26, 26, 27, 29
computer , 14, 24, 25, 26
world , 2, 16, 23
lumbersexual , 5, 9, 12, 13, 21, 22, 23, 29, 33, 35, 40, 41, 42
shorts , 3, 7, 11, 13, 15, 16, 17, 18, 21, 25, 29, 30, 31, 34, 37, 42, 47
hashtag , 4, 8, 14, 21, 24, 29, 31, 32, 42, 43
art , 1, 7, 9, 10, 12, 14, 15, 16, 18, 19, 22, 24, 25, 26, 27, 28, 29, 36, 37, 38, 40, 43, 44, 49
post-ironic , 2, 9, 10, 13, 22, 28, 31, 34, 36, 42, 45, 47
wolf , 1, 3, 5, 6, 11, 14, 17, 18, 22, 23, 25, 29, 30, 31, 32, 33, 34, 35, 36, 38, 39, 42, 43, 44, 45, 46, 48, 49
39 
banksy , 6, 7, 14, 19, 20, 22, 23, 24, 34, 36, 41, 43, 45, 46, 47, 48
accused , 30
health , 2, 4, 7, 8, 9, 11, 12, 15, 16, 18, 20, 22, 23, 24, 33, 34, 36, 44, 47, 48, 49
photo , 1, 2, 6, 7, 10, 12, 13, 17, 20, 24, 26, 32, 34, 40, 42, 47, 49
pinterest , 14, 19, 21, 23, 25, 26, 31, 37, 42
vegan , 2, 6, 7, 15, 18, 21, 25, 27, 29, 33, 37, 40, 42, 49
ethical , 1, 3, 4, 6, 12, 13, 24, 25, 31, 32, 33, 36, 37, 38, 45, 47
food , 2, 4, 5, 6, 8, 11, 12, 15, 18, 19, 21, 24, 27, 36, 37, 39, 42, 44, 49
actually , 2, 3, 5, 10, 15, 21, 22, 26, 38, 39, 40, 41
the , 1, 6, 10, 22, 24, 25, 29, 58
june , 6, 15, 20, 30
messenger , 1, 3, 4, 5, 6, 9, 10, 12, 14, 16, 26, 28, 29, 31, 42, 44
january , 28
helvetica , 3, 9, 11, 13, 30, 32, 44, 45, 46
mixtape , 8, 9, 11, 12, 14, 17, 20, 21, 24, 25, 34, 39, 42, 44, 46
god , 8, 9, 9, 9, 9, 9, 9, 9, 9, 9, 9, 10, 19, 26
fashion , 1, 3, 5, 9, 10, 15, 20, 22, 24, 25, 33, 35, 39, 41, 43, 49
craft , 2, 7, 10, 15, 17, 20, 27, 31, 33, 36, 42, 46, 48
ooh , 25
blog , 2, 11, 15, 22, 24, 25, 26, 34, 43
mumblecore , 2, 3, 6, 7, 11, 14, 18, 19, 25, 32, 33, 36, 37, 39, 45, 46
second , 2, 16
whale , 1, 2, 7, 9, 9, 9, 9, 13, 18, 18, 22, 24, 24, 24, 24, 24, 24, 24, 24, 26, 27, 27
galileo , 34
bird , 1, 6, 13, 20, 23, 24, 26, 29, 30, 32, 36, 42, 46, 48
jean , 3, 7, 11, 13, 15, 16, 17, 18, 21, 24, 25, 29, 30, 31, 34, 36, 37, 42, 47
justin , 23, 255, 256
cambridge , 23, 30
beard , 3, 8, 11, 14, 16, 24, 27, 35, 38, 40, 41, 42
espionage 
test , 25, 27
this , 1, 2, 18, 38, 51
turing , 2, 3, 4, 5, 6, 7, 8, 10, 11, 12, 13, 14, 15, 16, 16, 17, 17, 18, 19, 21, 22, 23, 23, 24, 25, 26, 27, 28, 29, 30, 31, 32
quinoa , 1, 3, 4, 5, 8, 10, 11, 14, 16, 19, 20, 25, 26, 29, 41, 44, 47, 48
prosecuted , 4
professor , 31
alan , 24
salvia , 2, 9, 10, 16, 17, 19, 22, 26, 27, 34, 37, 42, 45
bismillah 
1948 , 3, 21
tofu , 2, 5, 6, 7, 8, 9, 16, 17, 18, 20, 21, 23, 38, 43, 49
kickstarter , 3, 8, 10, 15, 17, 23, 25, 34, 43, 44, 46
next , 3, 12, 13, 17, 18, 20, 26, 28, 33, 34, 37, 38, 39, 40, 43, 44, 47, 49
code , 2, 16, 17, 18
death , 4, 11, 30
mathematics , 10, 16, 23, 25
boy , 37
mustache , 6, 11, 12, 18, 25, 26, 31, 39, 45
gluten-free , 5, 6, 14, 15, 19, 20, 21, 27, 28, 33, 36, 39, 42, 43, 44, 45
single-origin , 1, 13, 14, 17, 34, 36, 40, 44, 47, 49
19-year-old , 28
1952 , 4
8-bit , 5, 7, 9, 12, 14, 16, 20, 24, 27, 28, 38, 44, 48, 49
september , 15, 17, 17
award , 23, 252, 256
street , 5, 5, 9, 9, 10, 10, 15, 15, 16, 16, 22, 22, 27, 27, 28, 28, 34, 34, 37, 37, 44, 44
2003 , 23, 250, 252, 255, 255
1839 
just , 2, 7, 11, 14, 36, 37, 52
letterpress , 4, 6, 11, 14, 15, 17, 24, 25, 26, 27, 39, 42, 43, 44
cipher , 17
artisan , 4, 11, 12, 14, 18, 20, 25, 28, 31, 35, 37, 40, 41
polaroid , 1, 2, 3, 4, 9, 16, 17, 21, 29, 30, 31, 36, 41, 44, 45
february , 250, 253, 253
retro , 4, 28, 29, 30, 33, 34, 35, 45
war , 2, 17, 30
freegan , 1, 2, 5, 14, 15, 16, 17, 18, 22, 27, 29, 31, 32, 33, 36, 37, 41, 42
cry 
selfies , 4, 6, 10, 15, 16, 17, 22, 24, 34, 36, 38, 42, 45
hoodie , 1, 12, 14, 27, 29, 32, 35, 36, 40, 43, 45, 48
coffee , 1, 13, 14, 17, 36, 40, 44, 47, 49
pop-up , 1, 2, 6, 9, 16, 19, 20, 23, 25, 26, 30, 36, 37, 38, 39, 41, 44, 49
entscheidungsproblem , 13
BookIndexer61736 result: Incorrect. (time 15ms)
BookIndexer61740 result: Incorrect. (time 43ms)
BookIndexer61751 result: Threw an exception.
BookIndexer61757 result: Incorrect. (time 4ms)
BookIndexer61761 result: Incorrect. (time 2ms)



=== FINAL RESULTS ===
BookIndexer61616: 0.20358
BookIndexer61654: 0
BookIndexer61659: 0.96581
BookIndexer61664: 4.0994
BookIndexer61669: 0
BookIndexer61670: 0.37683
BookIndexer61675: 0.37035
BookIndexer61679: 0
BookIndexer61684: 0.82825
BookIndexer61685: 0
BookIndexer61689: 0
BookIndexer61700: 6.63447
BookIndexer61704: 0
BookIndexer61709: 0
BookIndexer61714: 4.72262
BookIndexer61715: 0
BookIndexer61730: 0.04941
BookIndexer61736: 0
BookIndexer61740: 0
BookIndexer61751: 0
BookIndexer61757: 0
BookIndexer61761: 0
BUILD SUCCESSFUL (total time: 6 seconds)